TN:
SF:src/BinarySearchConfirm.js
FN:2,(anonymous_0)
FN:26,(anonymous_1)
FN:36,(anonymous_2)
FNF:3
FNH:3
FNDA:5,(anonymous_0)
FNDA:5,(anonymous_1)
FNDA:5,(anonymous_2)
DA:2,1
DA:5,5
DA:7,5
DA:10,5
DA:12,3
DA:17,2
DA:19,2
DA:26,1
DA:28,5
DA:29,4
DA:30,3
DA:32,2
DA:36,1
DA:38,5
DA:42,5
DA:44,1
DA:45,1
DA:49,4
DA:51,2
DA:52,2
DA:56,2
DA:58,1
DA:59,1
DA:63,1
DA:70,1
LF:25
LH:25
BRDA:10,0,0,3
BRDA:10,0,1,2
BRDA:28,1,0,1
BRDA:28,1,1,4
BRDA:29,2,0,1
BRDA:29,2,1,3
BRDA:30,3,0,1
BRDA:30,3,1,2
BRDA:42,4,0,1
BRDA:42,4,1,4
BRDA:49,5,0,2
BRDA:49,5,1,2
BRDA:56,6,0,1
BRDA:56,6,1,1
BRF:14
BRH:14
end_of_record
TN:
SF:src/LinearSearchConfirm.js
FN:2,(anonymous_0)
FN:24,(anonymous_1)
FN:35,(anonymous_2)
FNF:3
FNH:3
FNDA:5,(anonymous_0)
FNDA:5,(anonymous_1)
FNDA:2,(anonymous_2)
DA:2,1
DA:5,5
DA:8,5
DA:10,3
DA:15,2
DA:17,2
DA:24,1
DA:26,5
DA:27,4
DA:28,3
DA:30,2
DA:35,1
DA:38,2
DA:41,2
DA:43,7
DA:45,1
DA:46,1
DA:52,2
DA:58,1
LF:19
LH:19
BRDA:8,0,0,3
BRDA:8,0,1,2
BRDA:26,1,0,1
BRDA:26,1,1,4
BRDA:27,2,0,1
BRDA:27,2,1,3
BRDA:28,3,0,1
BRDA:28,3,1,2
BRDA:43,4,0,1
BRDA:43,4,1,6
BRF:10
BRH:10
end_of_record
